<?xml version="1.0" encoding="UTF-8"?>
<coverage generated="1650534839727" clover="3.2.0">
  <project timestamp="1650534839727" name="All files">
    <metrics statements="107" coveredstatements="93" conditionals="165" coveredconditionals="125" methods="18" coveredmethods="17" elements="290" coveredelements="235" complexity="0" loc="107" ncloc="107" packages="2" files="5" classes="5"/>
    <package name="src">
      <metrics statements="4" coveredstatements="4" conditionals="0" coveredconditionals="0" methods="3" coveredmethods="2"/>
      <file name="index.ts" path="C:\Users\dalir\Projects\tvsignal\src\index.ts">
        <metrics statements="4" coveredstatements="4" conditionals="0" coveredconditionals="0" methods="3" coveredmethods="2"/>
        <line num="1" count="2" type="stmt"/>
        <line num="2" count="2" type="stmt"/>
        <line num="3" count="3" type="stmt"/>
        <line num="4" count="5" type="stmt"/>
      </file>
    </package>
    <package name="src.lib">
      <metrics statements="103" coveredstatements="89" conditionals="165" coveredconditionals="125" methods="15" coveredmethods="15"/>
      <file name="Chart.ts" path="C:\Users\dalir\Projects\tvsignal\src\lib\Chart.ts">
        <metrics statements="44" coveredstatements="41" conditionals="56" coveredconditionals="49" methods="5" coveredmethods="5"/>
        <line num="2" count="2" type="stmt"/>
        <line num="5" count="2" type="stmt"/>
        <line num="16" count="2" type="stmt"/>
        <line num="26" count="3" type="stmt"/>
        <line num="39" count="2" type="stmt"/>
        <line num="45" count="3" type="stmt"/>
        <line num="46" count="3" type="stmt"/>
        <line num="47" count="3" type="stmt"/>
        <line num="49" count="3" type="stmt"/>
        <line num="51" count="0" type="stmt"/>
        <line num="81" count="3" type="stmt"/>
        <line num="83" count="3" type="stmt"/>
        <line num="93" count="3" type="stmt"/>
        <line num="104" count="3" type="cond" truecount="3" falsecount="1"/>
        <line num="115" count="3" type="stmt"/>
        <line num="116" count="3" type="stmt"/>
        <line num="128" count="3" type="cond" truecount="3" falsecount="1"/>
        <line num="139" count="3" type="stmt"/>
        <line num="140" count="19" type="cond" truecount="2" falsecount="0"/>
        <line num="152" count="3" type="cond" truecount="4" falsecount="0"/>
        <line num="163" count="3" type="cond" truecount="4" falsecount="0"/>
        <line num="165" count="3" type="cond" truecount="5" falsecount="0"/>
        <line num="175" count="2" type="stmt"/>
        <line num="182" count="2" type="cond" truecount="1" falsecount="0"/>
        <line num="183" count="1" type="stmt"/>
        <line num="186" count="2" type="cond" truecount="4" falsecount="1"/>
        <line num="187" count="2" type="stmt"/>
        <line num="190" count="2" type="cond" truecount="10" falsecount="2"/>
        <line num="191" count="2" type="cond" truecount="2" falsecount="0"/>
        <line num="202" count="2" type="stmt"/>
        <line num="213" count="2" type="stmt"/>
        <line num="215" count="2" type="cond" truecount="2" falsecount="0"/>
        <line num="216" count="1" type="stmt"/>
        <line num="217" count="1" type="stmt"/>
        <line num="219" count="1" type="stmt"/>
        <line num="220" count="1" type="stmt"/>
        <line num="224" count="2" type="cond" truecount="4" falsecount="1"/>
        <line num="225" count="2" type="stmt"/>
        <line num="228" count="2" type="cond" truecount="4" falsecount="1"/>
        <line num="229" count="2" type="stmt"/>
        <line num="232" count="2" type="stmt"/>
        <line num="235" count="1" type="stmt"/>
        <line num="237" count="0" type="stmt"/>
        <line num="239" count="0" type="stmt"/>
      </file>
      <file name="Ideas.ts" path="C:\Users\dalir\Projects\tvsignal\src\lib\Ideas.ts">
        <metrics statements="33" coveredstatements="25" conditionals="94" coveredconditionals="65" methods="3" coveredmethods="3"/>
        <line num="2" count="2" type="stmt"/>
        <line num="5" count="2" type="stmt"/>
        <line num="6" count="2" type="stmt"/>
        <line num="17" count="2" type="stmt"/>
        <line num="26" count="1" type="stmt"/>
        <line num="39" count="2" type="stmt"/>
        <line num="50" count="18" type="stmt"/>
        <line num="94" count="1" type="stmt"/>
        <line num="96" count="1" type="stmt"/>
        <line num="106" count="1" type="stmt"/>
        <line num="117" count="1" type="stmt"/>
        <line num="128" count="1" type="stmt"/>
        <line num="133" count="1" type="stmt"/>
        <line num="137" count="18" type="cond" truecount="21" falsecount="5"/>
        <line num="138" count="5" type="stmt"/>
        <line num="144" count="13" type="cond" truecount="7" falsecount="4"/>
        <line num="145" count="0" type="stmt"/>
        <line num="151" count="13" type="cond" truecount="7" falsecount="4"/>
        <line num="152" count="0" type="stmt"/>
        <line num="162" count="13" type="stmt"/>
        <line num="164" count="13" type="cond" truecount="1" falsecount="0"/>
        <line num="168" count="13" type="cond" truecount="7" falsecount="4"/>
        <line num="169" count="0" type="stmt"/>
        <line num="175" count="13" type="cond" truecount="7" falsecount="4"/>
        <line num="176" count="0" type="stmt"/>
        <line num="182" count="13" type="cond" truecount="7" falsecount="4"/>
        <line num="183" count="0" type="stmt"/>
        <line num="189" count="13" type="cond" truecount="7" falsecount="4"/>
        <line num="190" count="0" type="stmt"/>
        <line num="196" count="13" type="stmt"/>
        <line num="200" count="1" type="stmt"/>
        <line num="202" count="0" type="stmt"/>
        <line num="204" count="0" type="stmt"/>
      </file>
      <file name="Request.ts" path="C:\Users\dalir\Projects\tvsignal\src\lib\Request.ts">
        <metrics statements="13" coveredstatements="12" conditionals="14" coveredconditionals="10" methods="4" coveredmethods="4"/>
        <line num="1" count="2" type="stmt"/>
        <line num="12" count="2" type="stmt"/>
        <line num="32" count="17" type="stmt"/>
        <line num="37" count="17" type="cond" truecount="3" falsecount="1"/>
        <line num="42" count="17" type="stmt"/>
        <line num="50" count="17" type="cond" truecount="4" falsecount="1"/>
        <line num="51" count="13" type="stmt"/>
        <line num="52" count="13" type="stmt"/>
        <line num="53" count="13" type="stmt"/>
        <line num="55" count="0" type="stmt"/>
        <line num="60" count="17" type="stmt"/>
        <line num="73" count="17" type="stmt"/>
        <line num="88" count="17" type="stmt"/>
      </file>
      <file name="User.ts" path="C:\Users\dalir\Projects\tvsignal\src\lib\User.ts">
        <metrics statements="13" coveredstatements="11" conditionals="1" coveredconditionals="1" methods="3" coveredmethods="3"/>
        <line num="3" count="2" type="stmt"/>
        <line num="14" count="2" type="stmt"/>
        <line num="33" count="13" type="stmt"/>
        <line num="44" count="13" type="stmt"/>
        <line num="55" count="13" type="stmt"/>
        <line num="71" count="13" type="stmt"/>
        <line num="75" count="13" type="stmt"/>
        <line num="101" count="13" type="stmt"/>
        <line num="103" count="13" type="stmt"/>
        <line num="113" count="13" type="stmt"/>
        <line num="115" count="13" type="stmt"/>
        <line num="125" count="0" type="stmt"/>
        <line num="127" count="0" type="stmt"/>
      </file>
    </package>
  </project>
</coverage>
