{"C:\\Users\\dalir\\Projects\\tvsignal\\src\\index.ts": {"path":"C:\\Users\\dalir\\Projects\\tvsignal\\src\\index.ts","statementMap":{"0":{"start":{"line":1,"column":0},"end":{"line":1,"column":27}},"1":{"start":{"line":2,"column":0},"end":{"line":2,"column":9}},"2":{"start":{"line":2,"column":9},"end":{"line":2,"column":33}},"3":{"start":{"line":3,"column":0},"end":{"line":3,"column":9}},"4":{"start":{"line":3,"column":9},"end":{"line":3,"column":35}},"5":{"start":{"line":4,"column":0},"end":{"line":4,"column":9}},"6":{"start":{"line":4,"column":9},"end":{"line":4,"column":35}}},"fnMap":{"0":{"name":"(anonymous_4)","decl":{"start":{"line":2,"column":9},"end":{"line":2,"column":13}},"loc":{"start":{"line":2,"column":9},"end":{"line":2,"column":33}}},"1":{"name":"(anonymous_5)","decl":{"start":{"line":3,"column":9},"end":{"line":3,"column":14}},"loc":{"start":{"line":3,"column":9},"end":{"line":3,"column":35}}},"2":{"name":"(anonymous_6)","decl":{"start":{"line":4,"column":9},"end":{"line":4,"column":14}},"loc":{"start":{"line":4,"column":9},"end":{"line":4,"column":35}}}},"branchMap":{},"s":{"0":2,"1":2,"2":2,"3":2,"4":3,"5":2,"6":5},"f":{"0":0,"1":1,"2":3},"b":{}}
,"C:\\Users\\dalir\\Projects\\tvsignal\\src\\lib\\Chart.ts": {"path":"C:\\Users\\dalir\\Projects\\tvsignal\\src\\lib\\Chart.ts","statementMap":{"0":{"start":{"line":2,"column":0},"end":{"line":2,"column":30}},"1":{"start":{"line":5,"column":0},"end":{"line":5,"column":35}},"2":{"start":{"line":26,"column":8},"end":{"line":26,"column":null}},"3":{"start":{"line":81,"column":31},"end":{"line":81,"column":44}},"4":{"start":{"line":83,"column":8},"end":{"line":240,"column":null}},"5":{"start":{"line":93,"column":47},"end":{"line":93,"column":67}},"6":{"start":{"line":104,"column":51},"end":{"line":104,"column":94}},"7":{"start":{"line":115,"column":57},"end":{"line":117,"column":14}},"8":{"start":{"line":116,"column":16},"end":{"line":116,"column":null}},"9":{"start":{"line":128,"column":69},"end":{"line":128,"column":93}},"10":{"start":{"line":139,"column":60},"end":{"line":141,"column":14}},"11":{"start":{"line":140,"column":16},"end":{"line":140,"column":null}},"12":{"start":{"line":152,"column":59},"end":{"line":152,"column":81}},"13":{"start":{"line":163,"column":63},"end":{"line":163,"column":87}},"14":{"start":{"line":165,"column":12},"end":{"line":233,"column":null}},"15":{"start":{"line":175,"column":47},"end":{"line":180,"column":null}},"16":{"start":{"line":182,"column":16},"end":{"line":184,"column":null}},"17":{"start":{"line":183,"column":20},"end":{"line":183,"column":null}},"18":{"start":{"line":186,"column":16},"end":{"line":188,"column":null}},"19":{"start":{"line":187,"column":20},"end":{"line":187,"column":null}},"20":{"start":{"line":190,"column":16},"end":{"line":222,"column":null}},"21":{"start":{"line":191,"column":20},"end":{"line":191,"column":null}},"22":{"start":{"line":202,"column":43},"end":{"line":202,"column":84}},"23":{"start":{"line":213,"column":45},"end":{"line":213,"column":84}},"24":{"start":{"line":215,"column":20},"end":{"line":221,"column":null}},"25":{"start":{"line":216,"column":24},"end":{"line":216,"column":null}},"26":{"start":{"line":217,"column":24},"end":{"line":217,"column":null}},"27":{"start":{"line":219,"column":24},"end":{"line":219,"column":null}},"28":{"start":{"line":220,"column":24},"end":{"line":220,"column":null}},"29":{"start":{"line":224,"column":16},"end":{"line":226,"column":null}},"30":{"start":{"line":225,"column":20},"end":{"line":225,"column":null}},"31":{"start":{"line":228,"column":16},"end":{"line":230,"column":null}},"32":{"start":{"line":229,"column":20},"end":{"line":229,"column":null}},"33":{"start":{"line":232,"column":16},"end":{"line":232,"column":null}},"34":{"start":{"line":235,"column":12},"end":{"line":235,"column":null}},"35":{"start":{"line":237,"column":12},"end":{"line":237,"column":null}},"36":{"start":{"line":239,"column":12},"end":{"line":239,"column":null}},"37":{"start":{"line":16,"column":0},"end":{"line":16,"column":13}},"38":{"start":{"line":39,"column":11},"end":{"line":56,"column":null}},"39":{"start":{"line":45,"column":20},"end":{"line":52,"column":null}},"40":{"start":{"line":46,"column":53},"end":{"line":46,"column":72}},"41":{"start":{"line":47,"column":42},"end":{"line":47,"column":78}},"42":{"start":{"line":49,"column":24},"end":{"line":49,"column":null}},"43":{"start":{"line":51,"column":24},"end":{"line":51,"column":null}}},"fnMap":{"0":{"name":"(anonymous_7)","decl":{"start":{"line":25,"column":4},"end":{"line":25,"column":16}},"loc":{"start":{"line":25,"column":60},"end":{"line":27,"column":5}}},"1":{"name":"(anonymous_8)","decl":{"start":{"line":70,"column":4},"end":{"line":70,"column":10}},"loc":{"start":{"line":70,"column":35},"end":{"line":241,"column":null}}},"2":{"name":"(anonymous_10)","decl":{"start":{"line":115,"column":70},"end":{"line":115,"column":71}},"loc":{"start":{"line":115,"column":83},"end":{"line":117,"column":13}}},"3":{"name":"(anonymous_11)","decl":{"start":{"line":139,"column":83},"end":{"line":139,"column":84}},"loc":{"start":{"line":139,"column":96},"end":{"line":141,"column":13}}},"4":{"name":"(anonymous_12)","decl":{"start":{"line":44,"column":16},"end":{"line":44,"column":22}},"loc":{"start":{"line":44,"column":30},"end":{"line":53,"column":17}}}},"branchMap":{"0":{"loc":{"start":{"line":25,"column":29},"end":{"line":25,"column":60}},"type":"default-arg","locations":[{"start":{"line":25,"column":58},"end":{"line":25,"column":60}}]},"1":{"loc":{"start":{"line":104,"column":51},"end":{"line":104,"column":94}},"type":"cond-expr","locations":[{"start":{"line":104,"column":75},"end":{"line":104,"column":79}},{"start":{"line":104,"column":79},"end":{"line":104,"column":94}}]},"2":{"loc":{"start":{"line":104,"column":51},"end":{"line":104,"column":79}},"type":"binary-expr","locations":[{"start":{"line":104,"column":51},"end":{"line":104,"column":79}},{"start":{"line":104,"column":75},"end":{"line":104,"column":79}}]},"3":{"loc":{"start":{"line":128,"column":69},"end":{"line":128,"column":93}},"type":"cond-expr","locations":[{"start":{"line":128,"column":81},"end":{"line":128,"column":83}},{"start":{"line":128,"column":69},"end":{"line":128,"column":93}}]},"4":{"loc":{"start":{"line":128,"column":69},"end":{"line":128,"column":83}},"type":"binary-expr","locations":[{"start":{"line":128,"column":69},"end":{"line":128,"column":83}},{"start":{"line":128,"column":69},"end":{"line":128,"column":83}}]},"5":{"loc":{"start":{"line":140,"column":23},"end":{"line":140,"column":94}},"type":"binary-expr","locations":[{"start":{"line":140,"column":23},"end":{"line":140,"column":56}},{"start":{"line":140,"column":60},"end":{"line":140,"column":94}}]},"6":{"loc":{"start":{"line":152,"column":59},"end":{"line":152,"column":81}},"type":"cond-expr","locations":[{"start":{"line":152,"column":74},"end":{"line":152,"column":76}},{"start":{"line":152,"column":59},"end":{"line":152,"column":81}}]},"7":{"loc":{"start":{"line":152,"column":59},"end":{"line":152,"column":76}},"type":"binary-expr","locations":[{"start":{"line":152,"column":59},"end":{"line":152,"column":76}},{"start":{"line":152,"column":59},"end":{"line":152,"column":76}}]},"8":{"loc":{"start":{"line":163,"column":63},"end":{"line":163,"column":87}},"type":"cond-expr","locations":[{"start":{"line":163,"column":78},"end":{"line":163,"column":80}},{"start":{"line":163,"column":63},"end":{"line":163,"column":87}}]},"9":{"loc":{"start":{"line":163,"column":63},"end":{"line":163,"column":80}},"type":"binary-expr","locations":[{"start":{"line":163,"column":63},"end":{"line":163,"column":80}},{"start":{"line":163,"column":63},"end":{"line":163,"column":80}}]},"10":{"loc":{"start":{"line":165,"column":12},"end":{"line":233,"column":null}},"type":"if","locations":[{"start":{"line":165,"column":12},"end":{"line":233,"column":null}}]},"11":{"loc":{"start":{"line":165,"column":16},"end":{"line":165,"column":69}},"type":"binary-expr","locations":[{"start":{"line":165,"column":16},"end":{"line":165,"column":26}},{"start":{"line":165,"column":30},"end":{"line":165,"column":35}},{"start":{"line":165,"column":39},"end":{"line":165,"column":46}},{"start":{"line":165,"column":50},"end":{"line":165,"column":69}}]},"12":{"loc":{"start":{"line":182,"column":16},"end":{"line":184,"column":null}},"type":"if","locations":[{"start":{"line":182,"column":16},"end":{"line":184,"column":null}}]},"13":{"loc":{"start":{"line":186,"column":16},"end":{"line":188,"column":null}},"type":"if","locations":[{"start":{"line":186,"column":16},"end":{"line":188,"column":null}}]},"14":{"loc":{"start":{"line":186,"column":20},"end":{"line":186,"column":37}},"type":"cond-expr","locations":[{"start":{"line":186,"column":30},"end":{"line":186,"column":32}},{"start":{"line":186,"column":30},"end":{"line":186,"column":37}}]},"15":{"loc":{"start":{"line":186,"column":20},"end":{"line":186,"column":32}},"type":"binary-expr","locations":[{"start":{"line":186,"column":20},"end":{"line":186,"column":32}},{"start":{"line":186,"column":30},"end":{"line":186,"column":32}}]},"16":{"loc":{"start":{"line":190,"column":16},"end":{"line":222,"column":null}},"type":"if","locations":[{"start":{"line":190,"column":16},"end":{"line":222,"column":null}}]},"17":{"loc":{"start":{"line":190,"column":20},"end":{"line":190,"column":81}},"type":"binary-expr","locations":[{"start":{"line":190,"column":20},"end":{"line":190,"column":37}},{"start":{"line":190,"column":41},"end":{"line":190,"column":57}},{"start":{"line":190,"column":61},"end":{"line":190,"column":79}}]},"18":{"loc":{"start":{"line":190,"column":41},"end":{"line":190,"column":57}},"type":"cond-expr","locations":[{"start":{"line":190,"column":46},"end":{"line":190,"column":48}},{"start":{"line":190,"column":41},"end":{"line":190,"column":57}}]},"19":{"loc":{"start":{"line":190,"column":41},"end":{"line":190,"column":48}},"type":"binary-expr","locations":[{"start":{"line":190,"column":41},"end":{"line":190,"column":48}},{"start":{"line":190,"column":41},"end":{"line":190,"column":48}}]},"20":{"loc":{"start":{"line":190,"column":61},"end":{"line":190,"column":79}},"type":"cond-expr","locations":[{"start":{"line":190,"column":66},"end":{"line":190,"column":68}},{"start":{"line":190,"column":61},"end":{"line":190,"column":79}}]},"21":{"loc":{"start":{"line":190,"column":61},"end":{"line":190,"column":68}},"type":"binary-expr","locations":[{"start":{"line":190,"column":61},"end":{"line":190,"column":68}},{"start":{"line":190,"column":61},"end":{"line":190,"column":68}}]},"22":{"loc":{"start":{"line":191,"column":34},"end":{"line":191,"column":102}},"type":"cond-expr","locations":[{"start":{"line":191,"column":86},"end":{"line":191,"column":92}},{"start":{"line":191,"column":95},"end":{"line":191,"column":102}}]},"23":{"loc":{"start":{"line":215,"column":20},"end":{"line":221,"column":null}},"type":"if","locations":[{"start":{"line":215,"column":20},"end":{"line":221,"column":null}},{"start":{"line":218,"column":27},"end":{"line":221,"column":null}}]},"24":{"loc":{"start":{"line":224,"column":16},"end":{"line":226,"column":null}},"type":"if","locations":[{"start":{"line":224,"column":16},"end":{"line":226,"column":null}}]},"25":{"loc":{"start":{"line":224,"column":20},"end":{"line":224,"column":35}},"type":"cond-expr","locations":[{"start":{"line":224,"column":25},"end":{"line":224,"column":27}},{"start":{"line":224,"column":20},"end":{"line":224,"column":35}}]},"26":{"loc":{"start":{"line":224,"column":20},"end":{"line":224,"column":27}},"type":"binary-expr","locations":[{"start":{"line":224,"column":20},"end":{"line":224,"column":27}},{"start":{"line":224,"column":20},"end":{"line":224,"column":27}}]},"27":{"loc":{"start":{"line":228,"column":16},"end":{"line":230,"column":null}},"type":"if","locations":[{"start":{"line":228,"column":16},"end":{"line":230,"column":null}}]},"28":{"loc":{"start":{"line":228,"column":20},"end":{"line":228,"column":36}},"type":"cond-expr","locations":[{"start":{"line":228,"column":30},"end":{"line":228,"column":32}},{"start":{"line":228,"column":30},"end":{"line":228,"column":36}}]},"29":{"loc":{"start":{"line":228,"column":20},"end":{"line":228,"column":32}},"type":"binary-expr","locations":[{"start":{"line":228,"column":20},"end":{"line":228,"column":32}},{"start":{"line":228,"column":30},"end":{"line":228,"column":32}}]}},"s":{"0":2,"1":2,"2":3,"3":3,"4":3,"5":3,"6":3,"7":3,"8":3,"9":3,"10":3,"11":19,"12":3,"13":3,"14":3,"15":2,"16":2,"17":1,"18":2,"19":2,"20":2,"21":2,"22":2,"23":2,"24":2,"25":1,"26":1,"27":1,"28":1,"29":2,"30":2,"31":2,"32":2,"33":2,"34":1,"35":0,"36":0,"37":2,"38":2,"39":3,"40":3,"41":3,"42":3,"43":0},"f":{"0":3,"1":3,"2":3,"3":19,"4":3},"b":{"0":[3],"1":[3,0],"2":[3,3],"3":[0,3],"4":[3,3],"5":[19,18],"6":[1,2],"7":[3,3],"8":[1,2],"9":[3,3],"10":[2],"11":[3,3,2,2],"12":[1],"13":[2],"14":[0,2],"15":[2,2],"16":[2],"17":[2,2,2],"18":[0,2],"19":[2,2],"20":[0,2],"21":[2,2],"22":[1,1],"23":[1,1],"24":[2],"25":[0,2],"26":[2,2],"27":[2],"28":[0,2],"29":[2,2]}}
,"C:\\Users\\dalir\\Projects\\tvsignal\\src\\lib\\Ideas.ts": {"path":"C:\\Users\\dalir\\Projects\\tvsignal\\src\\lib\\Ideas.ts","statementMap":{"0":{"start":{"line":2,"column":0},"end":{"line":2,"column":30}},"1":{"start":{"line":5,"column":0},"end":{"line":5,"column":35}},"2":{"start":{"line":6,"column":0},"end":{"line":6,"column":29}},"3":{"start":{"line":26,"column":8},"end":{"line":26,"column":null}},"4":{"start":{"line":94,"column":31},"end":{"line":94,"column":41}},"5":{"start":{"line":96,"column":8},"end":{"line":205,"column":null}},"6":{"start":{"line":106,"column":47},"end":{"line":106,"column":67}},"7":{"start":{"line":117,"column":54},"end":{"line":117,"column":104}},"8":{"start":{"line":128,"column":45},"end":{"line":128,"column":47}},"9":{"start":{"line":133,"column":12},"end":{"line":198,"column":null}},"10":{"start":{"line":137,"column":16},"end":{"line":139,"column":null}},"11":{"start":{"line":138,"column":20},"end":{"line":138,"column":28}},"12":{"start":{"line":144,"column":16},"end":{"line":146,"column":null}},"13":{"start":{"line":145,"column":20},"end":{"line":145,"column":28}},"14":{"start":{"line":151,"column":16},"end":{"line":153,"column":null}},"15":{"start":{"line":152,"column":20},"end":{"line":152,"column":28}},"16":{"start":{"line":162,"column":16},"end":{"line":162,"column":null}},"17":{"start":{"line":164,"column":16},"end":{"line":197,"column":null}},"18":{"start":{"line":168,"column":20},"end":{"line":170,"column":null}},"19":{"start":{"line":169,"column":24},"end":{"line":169,"column":32}},"20":{"start":{"line":175,"column":20},"end":{"line":177,"column":null}},"21":{"start":{"line":176,"column":24},"end":{"line":176,"column":32}},"22":{"start":{"line":182,"column":20},"end":{"line":184,"column":null}},"23":{"start":{"line":183,"column":24},"end":{"line":183,"column":32}},"24":{"start":{"line":189,"column":20},"end":{"line":191,"column":null}},"25":{"start":{"line":190,"column":24},"end":{"line":190,"column":32}},"26":{"start":{"line":196,"column":20},"end":{"line":196,"column":null}},"27":{"start":{"line":200,"column":12},"end":{"line":200,"column":null}},"28":{"start":{"line":202,"column":12},"end":{"line":202,"column":null}},"29":{"start":{"line":204,"column":12},"end":{"line":204,"column":null}},"30":{"start":{"line":17,"column":0},"end":{"line":17,"column":13}},"31":{"start":{"line":39,"column":11},"end":{"line":69,"column":null}},"32":{"start":{"line":50,"column":28},"end":{"line":50,"column":null}}},"fnMap":{"0":{"name":"(anonymous_7)","decl":{"start":{"line":25,"column":4},"end":{"line":25,"column":16}},"loc":{"start":{"line":25,"column":47},"end":{"line":27,"column":5}}},"1":{"name":"(anonymous_8)","decl":{"start":{"line":83,"column":4},"end":{"line":83,"column":10}},"loc":{"start":{"line":83,"column":45},"end":{"line":206,"column":null}}},"2":{"name":"(anonymous_10)","decl":{"start":{"line":49,"column":24},"end":{"line":49,"column":30}},"loc":{"start":{"line":49,"column":43},"end":{"line":51,"column":25}}}},"branchMap":{"0":{"loc":{"start":{"line":25,"column":16},"end":{"line":25,"column":47}},"type":"default-arg","locations":[{"start":{"line":25,"column":45},"end":{"line":25,"column":47}}]},"1":{"loc":{"start":{"line":137,"column":16},"end":{"line":139,"column":null}},"type":"if","locations":[{"start":{"line":137,"column":16},"end":{"line":139,"column":null}}]},"2":{"loc":{"start":{"line":137,"column":20},"end":{"line":137,"column":98}},"type":"binary-expr","locations":[{"start":{"line":137,"column":20},"end":{"line":137,"column":36}},{"start":{"line":137,"column":36},"end":{"line":137,"column":51}},{"start":{"line":137,"column":51},"end":{"line":137,"column":68}},{"start":{"line":137,"column":68},"end":{"line":137,"column":83}},{"start":{"line":137,"column":83},"end":{"line":137,"column":98}}]},"3":{"loc":{"start":{"line":137,"column":21},"end":{"line":137,"column":32}},"type":"cond-expr","locations":[{"start":{"line":137,"column":25},"end":{"line":137,"column":27}},{"start":{"line":137,"column":21},"end":{"line":137,"column":32}}]},"4":{"loc":{"start":{"line":137,"column":21},"end":{"line":137,"column":27}},"type":"binary-expr","locations":[{"start":{"line":137,"column":21},"end":{"line":137,"column":27}},{"start":{"line":137,"column":21},"end":{"line":137,"column":27}}]},"5":{"loc":{"start":{"line":137,"column":37},"end":{"line":137,"column":47}},"type":"cond-expr","locations":[{"start":{"line":137,"column":41},"end":{"line":137,"column":43}},{"start":{"line":137,"column":37},"end":{"line":137,"column":47}}]},"6":{"loc":{"start":{"line":137,"column":37},"end":{"line":137,"column":43}},"type":"binary-expr","locations":[{"start":{"line":137,"column":37},"end":{"line":137,"column":43}},{"start":{"line":137,"column":37},"end":{"line":137,"column":43}}]},"7":{"loc":{"start":{"line":137,"column":52},"end":{"line":137,"column":64}},"type":"cond-expr","locations":[{"start":{"line":137,"column":56},"end":{"line":137,"column":58}},{"start":{"line":137,"column":52},"end":{"line":137,"column":64}}]},"8":{"loc":{"start":{"line":137,"column":52},"end":{"line":137,"column":58}},"type":"binary-expr","locations":[{"start":{"line":137,"column":52},"end":{"line":137,"column":58}},{"start":{"line":137,"column":52},"end":{"line":137,"column":58}}]},"9":{"loc":{"start":{"line":137,"column":69},"end":{"line":137,"column":79}},"type":"cond-expr","locations":[{"start":{"line":137,"column":73},"end":{"line":137,"column":75}},{"start":{"line":137,"column":69},"end":{"line":137,"column":79}}]},"10":{"loc":{"start":{"line":137,"column":69},"end":{"line":137,"column":75}},"type":"binary-expr","locations":[{"start":{"line":137,"column":69},"end":{"line":137,"column":75}},{"start":{"line":137,"column":69},"end":{"line":137,"column":75}}]},"11":{"loc":{"start":{"line":137,"column":84},"end":{"line":137,"column":96}},"type":"cond-expr","locations":[{"start":{"line":137,"column":88},"end":{"line":137,"column":90}},{"start":{"line":137,"column":84},"end":{"line":137,"column":96}}]},"12":{"loc":{"start":{"line":137,"column":84},"end":{"line":137,"column":90}},"type":"binary-expr","locations":[{"start":{"line":137,"column":84},"end":{"line":137,"column":90}},{"start":{"line":137,"column":84},"end":{"line":137,"column":90}}]},"13":{"loc":{"start":{"line":144,"column":16},"end":{"line":146,"column":null}},"type":"if","locations":[{"start":{"line":144,"column":16},"end":{"line":146,"column":null}}]},"14":{"loc":{"start":{"line":144,"column":20},"end":{"line":144,"column":87}},"type":"binary-expr","locations":[{"start":{"line":144,"column":20},"end":{"line":144,"column":42}},{"start":{"line":144,"column":46},"end":{"line":144,"column":87}}]},"15":{"loc":{"start":{"line":144,"column":20},"end":{"line":144,"column":42}},"type":"cond-expr","locations":[{"start":{"line":144,"column":34},"end":{"line":144,"column":36}},{"start":{"line":144,"column":34},"end":{"line":144,"column":42}}]},"16":{"loc":{"start":{"line":144,"column":20},"end":{"line":144,"column":36}},"type":"binary-expr","locations":[{"start":{"line":144,"column":20},"end":{"line":144,"column":36}},{"start":{"line":144,"column":34},"end":{"line":144,"column":36}}]},"17":{"loc":{"start":{"line":144,"column":20},"end":{"line":144,"column":34}},"type":"cond-expr","locations":[{"start":{"line":144,"column":26},"end":{"line":144,"column":28}},{"start":{"line":144,"column":20},"end":{"line":144,"column":34}}]},"18":{"loc":{"start":{"line":144,"column":20},"end":{"line":144,"column":28}},"type":"binary-expr","locations":[{"start":{"line":144,"column":20},"end":{"line":144,"column":28}},{"start":{"line":144,"column":20},"end":{"line":144,"column":28}}]},"19":{"loc":{"start":{"line":151,"column":16},"end":{"line":153,"column":null}},"type":"if","locations":[{"start":{"line":151,"column":16},"end":{"line":153,"column":null}}]},"20":{"loc":{"start":{"line":151,"column":20},"end":{"line":151,"column":69}},"type":"binary-expr","locations":[{"start":{"line":151,"column":20},"end":{"line":151,"column":40}},{"start":{"line":151,"column":44},"end":{"line":151,"column":69}}]},"21":{"loc":{"start":{"line":151,"column":20},"end":{"line":151,"column":40}},"type":"cond-expr","locations":[{"start":{"line":151,"column":32},"end":{"line":151,"column":34}},{"start":{"line":151,"column":32},"end":{"line":151,"column":40}}]},"22":{"loc":{"start":{"line":151,"column":20},"end":{"line":151,"column":34}},"type":"binary-expr","locations":[{"start":{"line":151,"column":20},"end":{"line":151,"column":34}},{"start":{"line":151,"column":32},"end":{"line":151,"column":34}}]},"23":{"loc":{"start":{"line":151,"column":20},"end":{"line":151,"column":32}},"type":"cond-expr","locations":[{"start":{"line":151,"column":26},"end":{"line":151,"column":28}},{"start":{"line":151,"column":20},"end":{"line":151,"column":32}}]},"24":{"loc":{"start":{"line":151,"column":20},"end":{"line":151,"column":28}},"type":"binary-expr","locations":[{"start":{"line":151,"column":20},"end":{"line":151,"column":28}},{"start":{"line":151,"column":20},"end":{"line":151,"column":28}}]},"25":{"loc":{"start":{"line":164,"column":16},"end":{"line":197,"column":null}},"type":"if","locations":[{"start":{"line":164,"column":16},"end":{"line":197,"column":null}}]},"26":{"loc":{"start":{"line":168,"column":20},"end":{"line":170,"column":null}},"type":"if","locations":[{"start":{"line":168,"column":20},"end":{"line":170,"column":null}}]},"27":{"loc":{"start":{"line":168,"column":24},"end":{"line":168,"column":67}},"type":"binary-expr","locations":[{"start":{"line":168,"column":24},"end":{"line":168,"column":45}},{"start":{"line":168,"column":49},"end":{"line":168,"column":67}}]},"28":{"loc":{"start":{"line":168,"column":24},"end":{"line":168,"column":45}},"type":"cond-expr","locations":[{"start":{"line":168,"column":38},"end":{"line":168,"column":40}},{"start":{"line":168,"column":38},"end":{"line":168,"column":45}}]},"29":{"loc":{"start":{"line":168,"column":24},"end":{"line":168,"column":40}},"type":"binary-expr","locations":[{"start":{"line":168,"column":24},"end":{"line":168,"column":40}},{"start":{"line":168,"column":38},"end":{"line":168,"column":40}}]},"30":{"loc":{"start":{"line":168,"column":24},"end":{"line":168,"column":38}},"type":"cond-expr","locations":[{"start":{"line":168,"column":30},"end":{"line":168,"column":32}},{"start":{"line":168,"column":24},"end":{"line":168,"column":38}}]},"31":{"loc":{"start":{"line":168,"column":24},"end":{"line":168,"column":32}},"type":"binary-expr","locations":[{"start":{"line":168,"column":24},"end":{"line":168,"column":32}},{"start":{"line":168,"column":24},"end":{"line":168,"column":32}}]},"32":{"loc":{"start":{"line":175,"column":20},"end":{"line":177,"column":null}},"type":"if","locations":[{"start":{"line":175,"column":20},"end":{"line":177,"column":null}}]},"33":{"loc":{"start":{"line":175,"column":24},"end":{"line":175,"column":91}},"type":"binary-expr","locations":[{"start":{"line":175,"column":24},"end":{"line":175,"column":46}},{"start":{"line":175,"column":50},"end":{"line":175,"column":91}}]},"34":{"loc":{"start":{"line":175,"column":24},"end":{"line":175,"column":46}},"type":"cond-expr","locations":[{"start":{"line":175,"column":38},"end":{"line":175,"column":40}},{"start":{"line":175,"column":38},"end":{"line":175,"column":46}}]},"35":{"loc":{"start":{"line":175,"column":24},"end":{"line":175,"column":40}},"type":"binary-expr","locations":[{"start":{"line":175,"column":24},"end":{"line":175,"column":40}},{"start":{"line":175,"column":38},"end":{"line":175,"column":40}}]},"36":{"loc":{"start":{"line":175,"column":24},"end":{"line":175,"column":38}},"type":"cond-expr","locations":[{"start":{"line":175,"column":30},"end":{"line":175,"column":32}},{"start":{"line":175,"column":24},"end":{"line":175,"column":38}}]},"37":{"loc":{"start":{"line":175,"column":24},"end":{"line":175,"column":32}},"type":"binary-expr","locations":[{"start":{"line":175,"column":24},"end":{"line":175,"column":32}},{"start":{"line":175,"column":24},"end":{"line":175,"column":32}}]},"38":{"loc":{"start":{"line":182,"column":20},"end":{"line":184,"column":null}},"type":"if","locations":[{"start":{"line":182,"column":20},"end":{"line":184,"column":null}}]},"39":{"loc":{"start":{"line":182,"column":24},"end":{"line":182,"column":100}},"type":"binary-expr","locations":[{"start":{"line":182,"column":24},"end":{"line":182,"column":49}},{"start":{"line":182,"column":53},"end":{"line":182,"column":100}}]},"40":{"loc":{"start":{"line":182,"column":24},"end":{"line":182,"column":49}},"type":"cond-expr","locations":[{"start":{"line":182,"column":38},"end":{"line":182,"column":40}},{"start":{"line":182,"column":38},"end":{"line":182,"column":49}}]},"41":{"loc":{"start":{"line":182,"column":24},"end":{"line":182,"column":40}},"type":"binary-expr","locations":[{"start":{"line":182,"column":24},"end":{"line":182,"column":40}},{"start":{"line":182,"column":38},"end":{"line":182,"column":40}}]},"42":{"loc":{"start":{"line":182,"column":24},"end":{"line":182,"column":38}},"type":"cond-expr","locations":[{"start":{"line":182,"column":30},"end":{"line":182,"column":32}},{"start":{"line":182,"column":24},"end":{"line":182,"column":38}}]},"43":{"loc":{"start":{"line":182,"column":24},"end":{"line":182,"column":32}},"type":"binary-expr","locations":[{"start":{"line":182,"column":24},"end":{"line":182,"column":32}},{"start":{"line":182,"column":24},"end":{"line":182,"column":32}}]},"44":{"loc":{"start":{"line":189,"column":20},"end":{"line":191,"column":null}},"type":"if","locations":[{"start":{"line":189,"column":20},"end":{"line":191,"column":null}}]},"45":{"loc":{"start":{"line":189,"column":24},"end":{"line":189,"column":103}},"type":"binary-expr","locations":[{"start":{"line":189,"column":24},"end":{"line":189,"column":50}},{"start":{"line":189,"column":54},"end":{"line":189,"column":103}}]},"46":{"loc":{"start":{"line":189,"column":24},"end":{"line":189,"column":50}},"type":"cond-expr","locations":[{"start":{"line":189,"column":38},"end":{"line":189,"column":40}},{"start":{"line":189,"column":38},"end":{"line":189,"column":50}}]},"47":{"loc":{"start":{"line":189,"column":24},"end":{"line":189,"column":40}},"type":"binary-expr","locations":[{"start":{"line":189,"column":24},"end":{"line":189,"column":40}},{"start":{"line":189,"column":38},"end":{"line":189,"column":40}}]},"48":{"loc":{"start":{"line":189,"column":24},"end":{"line":189,"column":38}},"type":"cond-expr","locations":[{"start":{"line":189,"column":30},"end":{"line":189,"column":32}},{"start":{"line":189,"column":24},"end":{"line":189,"column":38}}]},"49":{"loc":{"start":{"line":189,"column":24},"end":{"line":189,"column":32}},"type":"binary-expr","locations":[{"start":{"line":189,"column":24},"end":{"line":189,"column":32}},{"start":{"line":189,"column":24},"end":{"line":189,"column":32}}]}},"s":{"0":2,"1":2,"2":2,"3":1,"4":1,"5":1,"6":1,"7":1,"8":1,"9":1,"10":18,"11":5,"12":13,"13":0,"14":13,"15":0,"16":13,"17":13,"18":13,"19":0,"20":13,"21":0,"22":13,"23":0,"24":13,"25":0,"26":13,"27":1,"28":0,"29":0,"30":2,"31":2,"32":18},"f":{"0":1,"1":1,"2":18},"b":{"0":[1],"1":[5],"2":[18,17,17,17,13],"3":[0,18],"4":[18,18],"5":[0,17],"6":[17,17],"7":[0,17],"8":[17,17],"9":[0,17],"10":[17,17],"11":[0,13],"12":[13,13],"13":[0],"14":[13,0],"15":[13,0],"16":[13,13],"17":[13,0],"18":[13,13],"19":[0],"20":[13,0],"21":[13,0],"22":[13,13],"23":[13,0],"24":[13,13],"25":[13],"26":[0],"27":[13,0],"28":[13,0],"29":[13,13],"30":[13,0],"31":[13,13],"32":[0],"33":[13,0],"34":[13,0],"35":[13,13],"36":[13,0],"37":[13,13],"38":[0],"39":[13,0],"40":[13,0],"41":[13,13],"42":[13,0],"43":[13,13],"44":[0],"45":[13,0],"46":[13,0],"47":[13,13],"48":[13,0],"49":[13,13]}}
,"C:\\Users\\dalir\\Projects\\tvsignal\\src\\lib\\Request.ts": {"path":"C:\\Users\\dalir\\Projects\\tvsignal\\src\\lib\\Request.ts","statementMap":{"0":{"start":{"line":1,"column":0},"end":{"line":1,"column":72}},"1":{"start":{"line":32,"column":23},"end":{"line":32,"column":72}},"2":{"start":{"line":37,"column":8},"end":{"line":37,"column":null}},"3":{"start":{"line":42,"column":8},"end":{"line":45,"column":null}},"4":{"start":{"line":50,"column":8},"end":{"line":58,"column":null}},"5":{"start":{"line":51,"column":12},"end":{"line":57,"column":null}},"6":{"start":{"line":52,"column":16},"end":{"line":56,"column":null}},"7":{"start":{"line":53,"column":20},"end":{"line":53,"column":null}},"8":{"start":{"line":55,"column":20},"end":{"line":55,"column":null}},"9":{"start":{"line":60,"column":8},"end":{"line":60,"column":null}},"10":{"start":{"line":73,"column":8},"end":{"line":73,"column":null}},"11":{"start":{"line":88,"column":8},"end":{"line":91,"column":null}},"12":{"start":{"line":12,"column":0},"end":{"line":12,"column":13}}},"fnMap":{"0":{"name":"(anonymous_0)","decl":{"start":{"line":22,"column":4},"end":{"line":22,"column":16}},"loc":{"start":{"line":22,"column":76},"end":{"line":61,"column":5}}},"1":{"name":"(anonymous_1)","decl":{"start":{"line":51,"column":44},"end":{"line":51,"column":45}},"loc":{"start":{"line":51,"column":53},"end":{"line":57,"column":13}}},"2":{"name":"(anonymous_2)","decl":{"start":{"line":72,"column":4},"end":{"line":72,"column":8}},"loc":{"start":{"line":72,"column":14},"end":{"line":74,"column":5}}},"3":{"name":"(anonymous_3)","decl":{"start":{"line":87,"column":11},"end":{"line":87,"column":15}},"loc":{"start":{"line":87,"column":52},"end":{"line":92,"column":5}}}},"branchMap":{"0":{"loc":{"start":{"line":22,"column":45},"end":{"line":22,"column":76}},"type":"default-arg","locations":[{"start":{"line":22,"column":74},"end":{"line":22,"column":76}}]},"1":{"loc":{"start":{"line":37,"column":30},"end":{"line":37,"column":78}},"type":"cond-expr","locations":[{"start":{"line":37,"column":44},"end":{"line":37,"column":48}},{"start":{"line":37,"column":48},"end":{"line":37,"column":78}}]},"2":{"loc":{"start":{"line":37,"column":30},"end":{"line":37,"column":48}},"type":"binary-expr","locations":[{"start":{"line":37,"column":30},"end":{"line":37,"column":48}},{"start":{"line":37,"column":44},"end":{"line":37,"column":48}}]},"3":{"loc":{"start":{"line":43,"column":15},"end":{"line":43,"column":30}},"type":"cond-expr","locations":[{"start":{"line":43,"column":21},"end":{"line":43,"column":23}},{"start":{"line":43,"column":15},"end":{"line":43,"column":30}}]},"4":{"loc":{"start":{"line":43,"column":15},"end":{"line":43,"column":23}},"type":"binary-expr","locations":[{"start":{"line":43,"column":15},"end":{"line":43,"column":23}},{"start":{"line":43,"column":15},"end":{"line":43,"column":23}}]},"5":{"loc":{"start":{"line":50,"column":8},"end":{"line":58,"column":null}},"type":"if","locations":[{"start":{"line":50,"column":8},"end":{"line":58,"column":null}}]},"6":{"loc":{"start":{"line":50,"column":12},"end":{"line":50,"column":32}},"type":"cond-expr","locations":[{"start":{"line":50,"column":18},"end":{"line":50,"column":20}},{"start":{"line":50,"column":12},"end":{"line":50,"column":32}}]},"7":{"loc":{"start":{"line":50,"column":12},"end":{"line":50,"column":20}},"type":"binary-expr","locations":[{"start":{"line":50,"column":12},"end":{"line":50,"column":20}},{"start":{"line":50,"column":12},"end":{"line":50,"column":20}}]}},"s":{"0":2,"1":17,"2":17,"3":17,"4":17,"5":13,"6":13,"7":13,"8":0,"9":17,"10":17,"11":17,"12":2},"f":{"0":17,"1":13,"2":17,"3":17},"b":{"0":[0],"1":[0,17],"2":[17,17],"3":[0,17],"4":[17,17],"5":[13],"6":[0,17],"7":[17,17]}}
,"C:\\Users\\dalir\\Projects\\tvsignal\\src\\lib\\User.ts": {"path":"C:\\Users\\dalir\\Projects\\tvsignal\\src\\lib\\User.ts","statementMap":{"0":{"start":{"line":3,"column":0},"end":{"line":3,"column":35}},"1":{"start":{"line":33,"column":28},"end":{"line":33,"column":77}},"2":{"start":{"line":44,"column":31},"end":{"line":44,"column":37}},"3":{"start":{"line":55,"column":27},"end":{"line":72,"column":null}},"4":{"start":{"line":71,"column":16},"end":{"line":71,"column":null}},"5":{"start":{"line":75,"column":8},"end":{"line":75,"column":null}},"6":{"start":{"line":101,"column":30},"end":{"line":101,"column":48}},"7":{"start":{"line":103,"column":8},"end":{"line":128,"column":null}},"8":{"start":{"line":113,"column":62},"end":{"line":113,"column":82}},"9":{"start":{"line":115,"column":12},"end":{"line":123,"column":null}},"10":{"start":{"line":125,"column":12},"end":{"line":125,"column":null}},"11":{"start":{"line":127,"column":12},"end":{"line":127,"column":null}},"12":{"start":{"line":14,"column":0},"end":{"line":14,"column":13}}},"fnMap":{"0":{"name":"(anonymous_7)","decl":{"start":{"line":23,"column":4},"end":{"line":23,"column":16}},"loc":{"start":{"line":23,"column":80},"end":{"line":76,"column":5}}},"1":{"name":"(anonymous_8)","decl":{"start":{"line":70,"column":12},"end":{"line":70,"column":26}},"loc":{"start":{"line":70,"column":33},"end":{"line":72,"column":13}}},"2":{"name":"(anonymous_9)","decl":{"start":{"line":90,"column":4},"end":{"line":90,"column":10}},"loc":{"start":{"line":90,"column":53},"end":{"line":129,"column":null}}}},"branchMap":{"0":{"loc":{"start":{"line":23,"column":49},"end":{"line":23,"column":80}},"type":"default-arg","locations":[{"start":{"line":23,"column":78},"end":{"line":23,"column":80}}]}},"s":{"0":2,"1":13,"2":13,"3":13,"4":13,"5":13,"6":13,"7":13,"8":13,"9":13,"10":0,"11":0,"12":2},"f":{"0":13,"1":13,"2":13},"b":{"0":[13]}}
}
