TN:
SF:src\index.ts
FN:2,(anonymous_4)
FN:3,(anonymous_5)
FN:4,(anonymous_6)
FNF:3
FNH:2
FNDA:0,(anonymous_4)
FNDA:1,(anonymous_5)
FNDA:3,(anonymous_6)
DA:1,2
DA:2,2
DA:3,3
DA:4,5
LF:4
LH:4
BRF:0
BRH:0
end_of_record
TN:
SF:src\lib\Chart.ts
FN:25,(anonymous_7)
FN:70,(anonymous_8)
FN:115,(anonymous_10)
FN:139,(anonymous_11)
FN:44,(anonymous_12)
FNF:5
FNH:5
FNDA:3,(anonymous_7)
FNDA:3,(anonymous_8)
FNDA:3,(anonymous_10)
FNDA:19,(anonymous_11)
FNDA:3,(anonymous_12)
DA:2,2
DA:5,2
DA:16,2
DA:26,3
DA:39,2
DA:45,3
DA:46,3
DA:47,3
DA:49,3
DA:51,0
DA:81,3
DA:83,3
DA:93,3
DA:104,3
DA:115,3
DA:116,3
DA:128,3
DA:139,3
DA:140,19
DA:152,3
DA:163,3
DA:165,3
DA:175,2
DA:182,2
DA:183,1
DA:186,2
DA:187,2
DA:190,2
DA:191,2
DA:202,2
DA:213,2
DA:215,2
DA:216,1
DA:217,1
DA:219,1
DA:220,1
DA:224,2
DA:225,2
DA:228,2
DA:229,2
DA:232,2
DA:235,1
DA:237,0
DA:239,0
LF:44
LH:41
BRDA:25,0,0,3
BRDA:104,1,0,3
BRDA:104,1,1,0
BRDA:104,2,0,3
BRDA:104,2,1,3
BRDA:128,3,0,0
BRDA:128,3,1,3
BRDA:128,4,0,3
BRDA:128,4,1,3
BRDA:140,5,0,19
BRDA:140,5,1,18
BRDA:152,6,0,1
BRDA:152,6,1,2
BRDA:152,7,0,3
BRDA:152,7,1,3
BRDA:163,8,0,1
BRDA:163,8,1,2
BRDA:163,9,0,3
BRDA:163,9,1,3
BRDA:165,10,0,2
BRDA:165,11,0,3
BRDA:165,11,1,3
BRDA:165,11,2,2
BRDA:165,11,3,2
BRDA:182,12,0,1
BRDA:186,13,0,2
BRDA:186,14,0,0
BRDA:186,14,1,2
BRDA:186,15,0,2
BRDA:186,15,1,2
BRDA:190,16,0,2
BRDA:190,17,0,2
BRDA:190,17,1,2
BRDA:190,17,2,2
BRDA:190,18,0,0
BRDA:190,18,1,2
BRDA:190,19,0,2
BRDA:190,19,1,2
BRDA:190,20,0,0
BRDA:190,20,1,2
BRDA:190,21,0,2
BRDA:190,21,1,2
BRDA:191,22,0,1
BRDA:191,22,1,1
BRDA:215,23,0,1
BRDA:215,23,1,1
BRDA:224,24,0,2
BRDA:224,25,0,0
BRDA:224,25,1,2
BRDA:224,26,0,2
BRDA:224,26,1,2
BRDA:228,27,0,2
BRDA:228,28,0,0
BRDA:228,28,1,2
BRDA:228,29,0,2
BRDA:228,29,1,2
BRF:56
BRH:49
end_of_record
TN:
SF:src\lib\Ideas.ts
FN:25,(anonymous_7)
FN:83,(anonymous_8)
FN:49,(anonymous_10)
FNF:3
FNH:3
FNDA:1,(anonymous_7)
FNDA:1,(anonymous_8)
FNDA:18,(anonymous_10)
DA:2,2
DA:5,2
DA:6,2
DA:17,2
DA:26,1
DA:39,2
DA:50,18
DA:94,1
DA:96,1
DA:106,1
DA:117,1
DA:128,1
DA:133,1
DA:137,18
DA:138,5
DA:144,13
DA:145,0
DA:151,13
DA:152,0
DA:162,13
DA:164,13
DA:168,13
DA:169,0
DA:175,13
DA:176,0
DA:182,13
DA:183,0
DA:189,13
DA:190,0
DA:196,13
DA:200,1
DA:202,0
DA:204,0
LF:33
LH:25
BRDA:25,0,0,1
BRDA:137,1,0,5
BRDA:137,2,0,18
BRDA:137,2,1,17
BRDA:137,2,2,17
BRDA:137,2,3,17
BRDA:137,2,4,13
BRDA:137,3,0,0
BRDA:137,3,1,18
BRDA:137,4,0,18
BRDA:137,4,1,18
BRDA:137,5,0,0
BRDA:137,5,1,17
BRDA:137,6,0,17
BRDA:137,6,1,17
BRDA:137,7,0,0
BRDA:137,7,1,17
BRDA:137,8,0,17
BRDA:137,8,1,17
BRDA:137,9,0,0
BRDA:137,9,1,17
BRDA:137,10,0,17
BRDA:137,10,1,17
BRDA:137,11,0,0
BRDA:137,11,1,13
BRDA:137,12,0,13
BRDA:137,12,1,13
BRDA:144,13,0,0
BRDA:144,14,0,13
BRDA:144,14,1,0
BRDA:144,15,0,13
BRDA:144,15,1,0
BRDA:144,16,0,13
BRDA:144,16,1,13
BRDA:144,17,0,13
BRDA:144,17,1,0
BRDA:144,18,0,13
BRDA:144,18,1,13
BRDA:151,19,0,0
BRDA:151,20,0,13
BRDA:151,20,1,0
BRDA:151,21,0,13
BRDA:151,21,1,0
BRDA:151,22,0,13
BRDA:151,22,1,13
BRDA:151,23,0,13
BRDA:151,23,1,0
BRDA:151,24,0,13
BRDA:151,24,1,13
BRDA:164,25,0,13
BRDA:168,26,0,0
BRDA:168,27,0,13
BRDA:168,27,1,0
BRDA:168,28,0,13
BRDA:168,28,1,0
BRDA:168,29,0,13
BRDA:168,29,1,13
BRDA:168,30,0,13
BRDA:168,30,1,0
BRDA:168,31,0,13
BRDA:168,31,1,13
BRDA:175,32,0,0
BRDA:175,33,0,13
BRDA:175,33,1,0
BRDA:175,34,0,13
BRDA:175,34,1,0
BRDA:175,35,0,13
BRDA:175,35,1,13
BRDA:175,36,0,13
BRDA:175,36,1,0
BRDA:175,37,0,13
BRDA:175,37,1,13
BRDA:182,38,0,0
BRDA:182,39,0,13
BRDA:182,39,1,0
BRDA:182,40,0,13
BRDA:182,40,1,0
BRDA:182,41,0,13
BRDA:182,41,1,13
BRDA:182,42,0,13
BRDA:182,42,1,0
BRDA:182,43,0,13
BRDA:182,43,1,13
BRDA:189,44,0,0
BRDA:189,45,0,13
BRDA:189,45,1,0
BRDA:189,46,0,13
BRDA:189,46,1,0
BRDA:189,47,0,13
BRDA:189,47,1,13
BRDA:189,48,0,13
BRDA:189,48,1,0
BRDA:189,49,0,13
BRDA:189,49,1,13
BRF:94
BRH:65
end_of_record
TN:
SF:src\lib\Request.ts
FN:22,(anonymous_0)
FN:51,(anonymous_1)
FN:72,(anonymous_2)
FN:87,(anonymous_3)
FNF:4
FNH:4
FNDA:17,(anonymous_0)
FNDA:13,(anonymous_1)
FNDA:17,(anonymous_2)
FNDA:17,(anonymous_3)
DA:1,2
DA:12,2
DA:32,17
DA:37,17
DA:42,17
DA:50,17
DA:51,13
DA:52,13
DA:53,13
DA:55,0
DA:60,17
DA:73,17
DA:88,17
LF:13
LH:12
BRDA:22,0,0,0
BRDA:37,1,0,0
BRDA:37,1,1,17
BRDA:37,2,0,17
BRDA:37,2,1,17
BRDA:43,3,0,0
BRDA:43,3,1,17
BRDA:43,4,0,17
BRDA:43,4,1,17
BRDA:50,5,0,13
BRDA:50,6,0,0
BRDA:50,6,1,17
BRDA:50,7,0,17
BRDA:50,7,1,17
BRF:14
BRH:10
end_of_record
TN:
SF:src\lib\User.ts
FN:23,(anonymous_7)
FN:70,(anonymous_8)
FN:90,(anonymous_9)
FNF:3
FNH:3
FNDA:13,(anonymous_7)
FNDA:13,(anonymous_8)
FNDA:13,(anonymous_9)
DA:3,2
DA:14,2
DA:33,13
DA:44,13
DA:55,13
DA:71,13
DA:75,13
DA:101,13
DA:103,13
DA:113,13
DA:115,13
DA:125,0
DA:127,0
LF:13
LH:11
BRDA:23,0,0,13
BRF:1
BRH:1
end_of_record
